This is pdfTeX, Version 3.141592653-2.6-1.40.22 (TeX Live 2021) (preloaded format=pdflatex 2022.1.4)  27 JAN 2022 19:09
entering extended mode
 restricted \write18 enabled.
 file:line:error style messages enabled.
 %&-line parsing enabled.
**/Users/dawr/PROgramming/flight_autonomy/docs/latex/refman.tex
(/Users/dawr/PROgramming/flight_autonomy/docs/latex/refman.tex
LaTeX2e <2020-10-01> patch level 4
L3 programming layer <2021-02-18> (/usr/local/texlive/2021/texmf-dist/tex/latex/base/article.cls
Document Class: article 2020/04/10 v1.4m Standard LaTeX document class
(/usr/local/texlive/2021/texmf-dist/tex/latex/base/size10.clo
File: size10.clo 2020/04/10 v1.4m Standard LaTeX file (size option)
)
\c@part=\count179
\c@section=\count180
\c@subsection=\count181
\c@subsubsection=\count182
\c@paragraph=\count183
\c@subparagraph=\count184
\c@figure=\count185
\c@table=\count186
\abovecaptionskip=\skip47
\belowcaptionskip=\skip48
\bibindent=\dimen138
) (/usr/local/texlive/2021/texmf-dist/tex/latex/base/ifthen.sty
Package: ifthen 2014/09/29 v1.1c Standard LaTeX ifthen package (DPC)
) (/usr/local/texlive/2021/texmf-dist/tex/latex/tools/array.sty
Rollback for package 'array' requested -> date 2016-10-06.
         Best approximation is the release introduced on 2016-10-06.
 (/usr/local/texlive/2021/texmf-dist/tex/latex/tools/array-2016-10-06.sty
Package: array 2016/10/06 v2.4d Tabular extension package (FMi)
\col@sep=\dimen139
\extrarowheight=\dimen140
\NC@list=\toks15
\extratabsurround=\skip49
\backup@length=\skip50
)) (/usr/local/texlive/2021/texmf-dist/tex/latex/base/fixltx2e.sty
Package: fixltx2e 2016/12/29 v2.1a fixes to LaTeX (obsolete)
Applying: [2015/01/01] Old fixltx2e package on input line 46.


Package fixltx2e Warning: fixltx2e is not required with releases after 2015
(fixltx2e)                All fixes are now in the LaTeX kernel.
(fixltx2e)                See the latexrelease package for details.

Already applied: [0000/00/00] Old fixltx2e package on input line 53.
) (/Users/dawr/PROgramming/flight_autonomy/docs/latex/doxygen.sty
Package: doxygen 
 (/usr/local/texlive/2021/texmf-dist/tex/latex/base/alltt.sty
Package: alltt 1997/06/16 v2.0g defines alltt environment
) (/usr/local/texlive/2021/texmf-dist/tex/latex/tools/calc.sty
Package: calc 2017/05/25 v4.3 Infix arithmetic (KKT,FJ)
\calc@Acount=\count187
\calc@Bcount=\count188
\calc@Adimen=\dimen141
\calc@Bdimen=\dimen142
\calc@Askip=\skip51
\calc@Bskip=\skip52
LaTeX Info: Redefining \setlength on input line 80.
LaTeX Info: Redefining \addtolength on input line 81.
\calc@Ccount=\count189
\calc@Cskip=\skip53
) (/usr/local/texlive/2021/texmf-dist/tex/latex/float/float.sty
Package: float 2001/11/08 v1.3d Float enhancements (AL)
\c@float@type=\count190
\float@exts=\toks16
\float@box=\box47
\@float@everytoks=\toks17
\@floatcapt=\box48
) (/usr/local/texlive/2021/texmf-dist/tex/latex/tools/verbatim.sty
Package: verbatim 2020-07-07 v1.5u LaTeX2e package for verbatim enhancements
\every@verbatim=\toks18
\verbatim@line=\toks19
\verbatim@in@stream=\read2
) (/usr/local/texlive/2021/texmf-dist/tex/latex/xcolor/xcolor.sty
Package: xcolor 2016/05/11 v2.12 LaTeX color extensions (UK)
 (/usr/local/texlive/2021/texmf-dist/tex/latex/graphics-cfg/color.cfg
File: color.cfg 2016/01/02 v1.6 sample color configuration
)
Package xcolor Info: Driver file: pdftex.def on input line 225.
 (/usr/local/texlive/2021/texmf-dist/tex/latex/graphics-def/pdftex.def
File: pdftex.def 2020/10/05 v1.2a Graphics/color driver for pdftex
) (/usr/local/texlive/2021/texmf-dist/tex/latex/colortbl/colortbl.sty
Package: colortbl 2020/01/04 v1.0e Color table columns (DPC)
\everycr=\toks20
\minrowclearance=\skip54
)
\rownum=\count191
Package xcolor Info: Model `cmy' substituted by `cmy0' on input line 1348.
Package xcolor Info: Model `hsb' substituted by `rgb' on input line 1352.
Package xcolor Info: Model `RGB' extended on input line 1364.
Package xcolor Info: Model `HTML' substituted by `rgb' on input line 1366.
Package xcolor Info: Model `Hsb' substituted by `hsb' on input line 1367.
Package xcolor Info: Model `tHsb' substituted by `hsb' on input line 1368.
Package xcolor Info: Model `HSB' substituted by `hsb' on input line 1369.
Package xcolor Info: Model `Gray' substituted by `gray' on input line 1370.
Package xcolor Info: Model `wave' substituted by `hsb' on input line 1371.
) (/Users/dawr/PROgramming/flight_autonomy/docs/latex/longtable_doxygen.sty
Package: longtable_doxygen 2014/10/28 v4.11 Multi-page Table package (DPC) - frozen version for doxygen
\LTleft=\skip55
\LTright=\skip56
\LTpre=\skip57
\LTpost=\skip58
\LTchunksize=\count192
\LTcapwidth=\dimen143
\LT@head=\box49
\LT@firsthead=\box50
\LT@foot=\box51
\LT@lastfoot=\box52
\LT@cols=\count193
\LT@rows=\count194
\c@LT@tables=\count195
\c@LT@chunks=\count196
\LT@p@ftn=\toks21
) (/Users/dawr/PROgramming/flight_autonomy/docs/latex/tabu_doxygen.sty
Package: tabu_doxygen 2011/02/26 v2.8 - flexible LaTeX tabulars (FC), frozen version for doxygen
 (/usr/local/texlive/2021/texmf-dist/tex/latex/varwidth/varwidth.sty
Package: varwidth 2009/03/30 ver 0.92;  Variable-width minipages
\@vwid@box=\box53
\sift@deathcycles=\count197
\@vwid@loff=\dimen144
\@vwid@roff=\dimen145
)
\c@taburow=\count198
\tabu@nbcols=\count199
\tabu@cnt=\count266
\tabu@Xcol=\count267
\tabu@alloc=\count268
\tabu@nested=\count269
\tabu@target=\dimen146
\tabu@spreadtarget=\dimen147
\tabu@naturalX=\dimen148
\tabucolX=\dimen149
\tabu@Xsum=\dimen150
\extrarowdepth=\dimen151
\abovetabulinesep=\dimen152
\belowtabulinesep=\dimen153
\tabustrutrule=\dimen154
\tabu@thebody=\toks22
\tabu@footnotes=\toks23
\tabu@box=\box54
\tabu@arstrutbox=\box55
\tabu@hleads=\box56
\tabu@vleads=\box57
\tabu@cellskip=\skip59
) (/usr/local/texlive/2021/texmf-dist/tex/latex/fancyvrb/fancyvrb.sty
Package: fancyvrb 2021/01/20 v3.7 verbatim text (tvz,hv)
 (/usr/local/texlive/2021/texmf-dist/tex/latex/graphics/keyval.sty
Package: keyval 2014/10/28 v1.15 key=value parser (DPC)
\KV@toks@=\toks24
)
\FV@CodeLineNo=\count270
\FV@InFile=\read3
\FV@TabBox=\box58
\c@FancyVerbLine=\count271
\FV@StepNumber=\count272
\FV@OutFile=\write3
) (/usr/local/texlive/2021/texmf-dist/tex/latex/tools/tabularx.sty
Package: tabularx 2020/01/15 v2.11c `tabularx' package (DPC)
\TX@col@width=\dimen155
\TX@old@table=\dimen156
\TX@old@col=\dimen157
\TX@target=\dimen158
\TX@delta=\dimen159
\TX@cols=\count273
\TX@ftn=\toks25
) (/usr/local/texlive/2021/texmf-dist/tex/latex/tools/multicol.sty
Package: multicol 2019/12/09 v1.8y multicolumn formatting (FMi)
\c@tracingmulticols=\count274
\mult@box=\box59
\multicol@leftmargin=\dimen160
\c@unbalance=\count275
\c@collectmore=\count276
\doublecol@number=\count277
\multicoltolerance=\count278
\multicolpretolerance=\count279
\full@width=\dimen161
\page@free=\dimen162
\premulticols=\dimen163
\postmulticols=\dimen164
\multicolsep=\skip60
\multicolbaselineskip=\skip61
\partial@page=\box60
\last@line=\box61
\maxbalancingoverflow=\dimen165
\mult@rightbox=\box62
\mult@grightbox=\box63
\mult@gfirstbox=\box64
\mult@firstbox=\box65
\@tempa=\box66
\@tempa=\box67
\@tempa=\box68
\@tempa=\box69
\@tempa=\box70
\@tempa=\box71
\@tempa=\box72
\@tempa=\box73
\@tempa=\box74
\@tempa=\box75
\@tempa=\box76
\@tempa=\box77
\@tempa=\box78
\@tempa=\box79
\@tempa=\box80
\@tempa=\box81
\@tempa=\box82
\@tempa=\box83
\@tempa=\box84
\@tempa=\box85
\@tempa=\box86
\@tempa=\box87
\@tempa=\box88
\@tempa=\box89
\@tempa=\box90
\@tempa=\box91
\@tempa=\box92
\@tempa=\box93
\@tempa=\box94
\@tempa=\box95
\@tempa=\box96
\@tempa=\box97
\@tempa=\box98
\@tempa=\box99
\@tempa=\box100
\@tempa=\box101
\@tempa=\box102
\c@minrows=\count280
\c@columnbadness=\count281
\c@finalcolumnbadness=\count282
\last@try=\dimen166
\multicolovershoot=\dimen167
\multicolundershoot=\dimen168
\mult@nat@firstbox=\box103
\colbreak@box=\box104
\mc@col@check@num=\count283
) (/usr/local/texlive/2021/texmf-dist/tex/latex/multirow/multirow.sty
Package: multirow 2021/03/15 v2.8 Span multiple rows of a table
\multirow@colwidth=\skip62
\multirow@cntb=\count284
\multirow@dima=\skip63
\bigstrutjot=\dimen169
) (/usr/local/texlive/2021/texmf-dist/tex/latex/hanging/hanging.sty
Package: hanging 2009/09/02 v1.2b hanging paragraphs and punctuation
\h@ngcommawd=\skip64
\h@ngfstopwd=\skip65
\h@ngquotewd=\skip66
\h@ngdquotewd=\skip67
\h@ngquerywd=\skip68
\h@ngexclwd=\skip69
\h@ngcolonwd=\skip70
\h@ngscolonwd=\skip71
) (/usr/local/texlive/2021/texmf-dist/tex/generic/iftex/ifpdf.sty
Package: ifpdf 2019/10/25 v3.4 ifpdf legacy package. Use iftex instead.
 (/usr/local/texlive/2021/texmf-dist/tex/generic/iftex/iftex.sty
Package: iftex 2020/03/06 v1.0d TeX engine tests
)) (/usr/local/texlive/2021/texmf-dist/tex/latex/adjustbox/adjustbox.sty
Package: adjustbox 2020/08/19 v1.3 Adjusting TeX boxes (trim, clip, ...)
 (/usr/local/texlive/2021/texmf-dist/tex/latex/xkeyval/xkeyval.sty
Package: xkeyval 2020/11/20 v2.8 package option processing (HA)
 (/usr/local/texlive/2021/texmf-dist/tex/generic/xkeyval/xkeyval.tex (/usr/local/texlive/2021/texmf-dist/tex/generic/xkeyval/xkvutils.tex
\XKV@toks=\toks26
\XKV@tempa@toks=\toks27
)
\XKV@depth=\count285
File: xkeyval.tex 2014/12/03 v2.7a key=value parser (HA)
)) (/usr/local/texlive/2021/texmf-dist/tex/latex/adjustbox/adjcalc.sty
Package: adjcalc 2012/05/16 v1.1 Provides advanced setlength with multiple back-ends (calc, etex, pgfmath)
) (/usr/local/texlive/2021/texmf-dist/tex/latex/adjustbox/trimclip.sty
Package: trimclip 2020/08/19 v1.2 Trim and clip general TeX material
 (/usr/local/texlive/2021/texmf-dist/tex/latex/graphics/graphicx.sty
Package: graphicx 2020/09/09 v1.2b Enhanced LaTeX Graphics (DPC,SPQR)
 (/usr/local/texlive/2021/texmf-dist/tex/latex/graphics/graphics.sty
Package: graphics 2020/08/30 v1.4c Standard LaTeX Graphics (DPC,SPQR)
 (/usr/local/texlive/2021/texmf-dist/tex/latex/graphics/trig.sty
Package: trig 2016/01/03 v1.10 sin cos tan (DPC)
) (/usr/local/texlive/2021/texmf-dist/tex/latex/graphics-cfg/graphics.cfg
File: graphics.cfg 2016/06/04 v1.11 sample graphics configuration
)
Package graphics Info: Driver file: pdftex.def on input line 105.
)
\Gin@req@height=\dimen170
\Gin@req@width=\dimen171
) (/usr/local/texlive/2021/texmf-dist/tex/latex/collectbox/collectbox.sty
Package: collectbox 2012/05/17 v0.4b Collect macro arguments as boxes
\collectedbox=\box105
)
\tc@llx=\dimen172
\tc@lly=\dimen173
\tc@urx=\dimen174
\tc@ury=\dimen175
Package trimclip Info: Using driver 'tc-pdftex.def'.
 (/usr/local/texlive/2021/texmf-dist/tex/latex/adjustbox/tc-pdftex.def
File: tc-pdftex.def 2019/01/04 v2.2 Clipping driver for pdftex
))
\adjbox@Width=\dimen176
\adjbox@Height=\dimen177
\adjbox@Depth=\dimen178
\adjbox@Totalheight=\dimen179
\adjbox@pwidth=\dimen180
\adjbox@pheight=\dimen181
\adjbox@pdepth=\dimen182
\adjbox@ptotalheight=\dimen183
 (/usr/local/texlive/2021/texmf-dist/tex/latex/ifoddpage/ifoddpage.sty
Package: ifoddpage 2016/04/23 v1.1 Conditionals for odd/even page detection
\c@checkoddpage=\count286
)) (/usr/local/texlive/2021/texmf-dist/tex/latex/amsfonts/amssymb.sty
Package: amssymb 2013/01/14 v3.01 AMS font symbols
 (/usr/local/texlive/2021/texmf-dist/tex/latex/amsfonts/amsfonts.sty
Package: amsfonts 2013/01/14 v3.01 Basic AMSFonts support
\@emptytoks=\toks28
\symAMSa=\mathgroup4
\symAMSb=\mathgroup5
LaTeX Font Info:    Redeclaring math symbol \hbar on input line 98.
LaTeX Font Info:    Overwriting math alphabet `\mathfrak' in version `bold'
(Font)                  U/euf/m/n --> U/euf/b/n on input line 106.
)) (/usr/local/texlive/2021/texmf-dist/tex/latex/stackengine/stackengine.sty
Package: stackengine 2017/02/13 v4.01\ Stacking text and objects in convenient ways
 (/usr/local/texlive/2021/texmf-dist/tex/latex/etoolbox/etoolbox.sty
Package: etoolbox 2020/10/05 v2.5k e-TeX tools for LaTeX (JAW)
\etb@tempcnta=\count287
) (/usr/local/texlive/2021/texmf-dist/tex/generic/listofitems/listofitems.sty (/usr/local/texlive/2021/texmf-dist/tex/generic/listofitems/listofitems.tex
\loi_cnt_foreach_nest=\count288
\loi_nestcnt=\count289
)
Package: listofitems 2019/08/21 v1.63 Grab items in lists using user-specified sep char (CT)
)
\c@@stackindex=\count290
\@boxshift=\skip72
\stack@tmplength=\skip73
\temp@stkl=\skip74
\@stackedboxwidth=\skip75
\@addedbox=\box106
\@anchorbox=\box107
\stackedbox=\box108
\@centerbox=\box109
\c@ROWcellindex@=\count291
) (/usr/local/texlive/2021/texmf-dist/tex/latex/enumitem/enumitem.sty
Package: enumitem 2019/06/20 v3.9 Customized lists
\labelindent=\skip76
\enit@outerparindent=\dimen184
\enit@toks=\toks29
\enit@inbox=\box110
\enit@count@id=\count292
\enitdp@description=\count293
) (/usr/local/texlive/2021/texmf-dist/tex/generic/alphalph/alphalph.sty
Package: alphalph 2019/12/09 v2.6 Convert numbers to letters (HO)
 (/usr/local/texlive/2021/texmf-dist/tex/generic/infwarerr/infwarerr.sty
Package: infwarerr 2019/12/03 v1.5 Providing info/warning/error messages (HO)
) (/usr/local/texlive/2021/texmf-dist/tex/generic/intcalc/intcalc.sty
Package: intcalc 2019/12/15 v1.3 Expandable calculations with integers (HO)
)) (/usr/local/texlive/2021/texmf-dist/tex/generic/ulem/ulem.sty
\UL@box=\box111
\UL@hyphenbox=\box112
\UL@skip=\skip77
\UL@hook=\toks30
\UL@height=\dimen185
\UL@pe=\count294
\UL@pixel=\dimen186
\ULC@box=\box113
Package: ulem 2019/11/18
\ULdepth=\dimen187
)
\xrefbox=\box114
\xreflength=\skip78
\CodeWidthChar=\skip79
\CodeHeightChar=\skip80
\DoxyCodeWidth=\skip81
\c@DoxyEnumeratei=\count295
\c@DoxyEnumerateii=\count296
\c@DoxyEnumerateiii=\count297
\c@DoxyEnumerateiv=\count298
\c@DoxyEnumeratev=\count299
\c@DoxyEnumeratevi=\count300
\c@DoxyEnumeratevii=\count301
\c@DoxyEnumerateviii=\count302
\c@DoxyEnumerateix=\count303
\c@DoxyEnumeratex=\count304
\c@DoxyEnumeratexi=\count305
\c@DoxyEnumeratexii=\count306
\enitdp@DoxyEnumerate=\count307
\enitdp@DoxyItemize=\count308
) (/usr/local/texlive/2021/texmf-dist/tex/latex/base/inputenc.sty
Package: inputenc 2020/08/01 v1.3d Input encoding file
\inpenc@prehook=\toks31
\inpenc@posthook=\toks32
) (/usr/local/texlive/2021/texmf-dist/tex/latex/base/makeidx.sty
Package: makeidx 2014/09/29 v1.0m Standard LaTeX package
) (/usr/local/texlive/2021/texmf-dist/tex/latex/base/textcomp.sty
Package: textcomp 2020/02/02 v2.0n Standard LaTeX package
) (/usr/local/texlive/2021/texmf-dist/tex/latex/wasysym/wasysym.sty
Package: wasysym 2020/01/19 v2.4 Wasy-2 symbol support package
\symwasy=\mathgroup6
LaTeX Font Info:    Overwriting symbol font `wasy' in version `bold'
(Font)                  U/wasy/m/n --> U/wasy/b/n on input line 93.
) (/usr/local/texlive/2021/texmf-dist/tex/generic/iftex/ifxetex.sty
Package: ifxetex 2019/10/25 v0.7 ifxetex legacy package. Use iftex instead.
) (/usr/local/texlive/2021/texmf-dist/tex/generic/babel/babel.sty
Package: babel 2021/03/24 3.56 The Babel package
 (/usr/local/texlive/2021/texmf-dist/tex/generic/babel/babel.def
File: babel.def 2021/03/24 3.56 Babel common definitions
\babel@savecnt=\count309
\U@D=\dimen188
\l@babelnohyphens=\language87
 (/usr/local/texlive/2021/texmf-dist/tex/generic/babel/txtbabel.def)
\bbl@readstream=\read4
)
\bbl@dirlevel=\count310
 (/usr/local/texlive/2021/texmf-dist/tex/generic/babel-polish/polish.ldf
Language: polish 2005/03/31 v1.2l Polish support from the babel system
Package babel Info: Making " an active character on input line 83.
\pl@left=\dimen189
\pl@down=\dimen190
\pl@right=\dimen191
\pl@temp=\dimen192
)) (/usr/local/texlive/2021/texmf-dist/tex/latex/base/fontenc.sty
Package: fontenc 2020/08/10 v2.0s Standard LaTeX package
) (/usr/local/texlive/2021/texmf-dist/tex/latex/psnfss/helvet.sty
Package: helvet 2020/03/25 PSNFSS-v9.3 (WaS) 
) (/usr/local/texlive/2021/texmf-dist/tex/latex/psnfss/courier.sty
Package: courier 2020/03/25 PSNFSS-v9.3 (WaS) 
) (/usr/local/texlive/2021/texmf-dist/tex/latex/sectsty/sectsty.sty
Package: sectsty 2002/02/25 v2.0.2 Commands to change all sectional heading styles


LaTeX Warning: Command \underbar  has changed.
               Check if current package is valid.


LaTeX Warning: Command \underline  has changed.
               Check if current package is valid.

) (/usr/local/texlive/2021/texmf-dist/tex/latex/geometry/geometry.sty
Package: geometry 2020/01/02 v5.9 Page Geometry
 (/usr/local/texlive/2021/texmf-dist/tex/generic/iftex/ifvtex.sty
Package: ifvtex 2019/10/25 v1.7 ifvtex legacy package. Use iftex instead.
)
\Gm@cnth=\count311
\Gm@cntv=\count312
\c@Gm@tempcnt=\count313
\Gm@bindingoffset=\dimen193
\Gm@wd@mp=\dimen194
\Gm@odd@mp=\dimen195
\Gm@even@mp=\dimen196
\Gm@layoutwidth=\dimen197
\Gm@layoutheight=\dimen198
\Gm@layouthoffset=\dimen199
\Gm@layoutvoffset=\dimen256
\Gm@dimlist=\toks33
) (/usr/local/texlive/2021/texmf-dist/tex/latex/fancyhdr/fancyhdr.sty
Package: fancyhdr 2021/01/28 v4.0.1 Extensive control of page headers and footers
\f@nch@headwidth=\skip82
\f@nch@O@elh=\skip83
\f@nch@O@erh=\skip84
\f@nch@O@olh=\skip85
\f@nch@O@orh=\skip86
\f@nch@O@elf=\skip87
\f@nch@O@erf=\skip88
\f@nch@O@olf=\skip89
\f@nch@O@orf=\skip90
) (/usr/local/texlive/2021/texmf-dist/tex/latex/natbib/natbib.sty
Package: natbib 2010/09/13 8.31b (PWD, AO)
\bibhang=\skip91
\bibsep=\skip92
LaTeX Info: Redefining \cite on input line 694.
\c@NAT@ctr=\count314
) (/usr/local/texlive/2021/texmf-dist/tex/latex/tocloft/tocloft.sty
Package: tocloft 2017/08/31 v2.3i parameterised ToC, etc., typesetting
Package tocloft Info: The document has section divisions on input line 51.
\cftparskip=\skip93
\cftbeforetoctitleskip=\skip94
\cftaftertoctitleskip=\skip95
\cftbeforepartskip=\skip96
\cftpartnumwidth=\skip97
\cftpartindent=\skip98
\cftbeforesecskip=\skip99
\cftsecindent=\skip100
\cftsecnumwidth=\skip101
\cftbeforesubsecskip=\skip102
\cftsubsecindent=\skip103
\cftsubsecnumwidth=\skip104
\cftbeforesubsubsecskip=\skip105
\cftsubsubsecindent=\skip106
\cftsubsubsecnumwidth=\skip107
\cftbeforeparaskip=\skip108
\cftparaindent=\skip109
\cftparanumwidth=\skip110
\cftbeforesubparaskip=\skip111
\cftsubparaindent=\skip112
\cftsubparanumwidth=\skip113
\cftbeforeloftitleskip=\skip114
\cftafterloftitleskip=\skip115
\cftbeforefigskip=\skip116
\cftfigindent=\skip117
\cftfignumwidth=\skip118
\c@lofdepth=\count315
\c@lotdepth=\count316
\cftbeforelottitleskip=\skip119
\cftafterlottitleskip=\skip120
\cftbeforetabskip=\skip121
\cfttabindent=\skip122
\cfttabnumwidth=\skip123
)
\@indexfile=\write4
\openout4 = `refman.idx'.


Writing index file refman.idx
(/usr/local/texlive/2021/texmf-dist/tex/latex/newunicodechar/newunicodechar.sty
Package: newunicodechar 2018/04/08 v1.2 Defining Unicode characters
)

Package newunicodechar Warning: Redefining Unicode character on input line 115.


Package newunicodechar Warning: Redefining Unicode character on input line 116.

(/usr/local/texlive/2021/texmf-dist/tex/latex/hyperref/hyperref.sty
Package: hyperref 2021-02-27 v7.00k Hypertext links for LaTeX
 (/usr/local/texlive/2021/texmf-dist/tex/generic/ltxcmds/ltxcmds.sty
Package: ltxcmds 2020-05-10 v1.25 LaTeX kernel commands for general use (HO)
) (/usr/local/texlive/2021/texmf-dist/tex/generic/pdftexcmds/pdftexcmds.sty
Package: pdftexcmds 2020-06-27 v0.33 Utility functions of pdfTeX for LuaTeX (HO)
Package pdftexcmds Info: \pdf@primitive is available.
Package pdftexcmds Info: \pdf@ifprimitive is available.
Package pdftexcmds Info: \pdfdraftmode found.
) (/usr/local/texlive/2021/texmf-dist/tex/generic/kvsetkeys/kvsetkeys.sty
Package: kvsetkeys 2019/12/15 v1.18 Key value parser (HO)
) (/usr/local/texlive/2021/texmf-dist/tex/generic/kvdefinekeys/kvdefinekeys.sty
Package: kvdefinekeys 2019-12-19 v1.6 Define keys (HO)
) (/usr/local/texlive/2021/texmf-dist/tex/generic/pdfescape/pdfescape.sty
Package: pdfescape 2019/12/09 v1.15 Implements pdfTeX's escape features (HO)
) (/usr/local/texlive/2021/texmf-dist/tex/latex/hycolor/hycolor.sty
Package: hycolor 2020-01-27 v1.10 Color options for hyperref/bookmark (HO)
) (/usr/local/texlive/2021/texmf-dist/tex/latex/letltxmacro/letltxmacro.sty
Package: letltxmacro 2019/12/03 v1.6 Let assignment for LaTeX macros (HO)
) (/usr/local/texlive/2021/texmf-dist/tex/latex/auxhook/auxhook.sty
Package: auxhook 2019-12-17 v1.6 Hooks for auxiliary files (HO)
) (/usr/local/texlive/2021/texmf-dist/tex/latex/kvoptions/kvoptions.sty
Package: kvoptions 2020-10-07 v3.14 Key value format for package options (HO)
)
\@linkdim=\dimen257
\Hy@linkcounter=\count317
\Hy@pagecounter=\count318
 (/usr/local/texlive/2021/texmf-dist/tex/latex/hyperref/pd1enc.def
File: pd1enc.def 2021-02-27 v7.00k Hyperref: PDFDocEncoding definition (HO)
Now handling font encoding PD1 ...
... no UTF-8 mapping file for font encoding PD1
) (/usr/local/texlive/2021/texmf-dist/tex/latex/hyperref/hyperref-langpatches.def
File: hyperref-langpatches.def 2021-02-27 v7.00k Hyperref: patches for babel languages
) (/usr/local/texlive/2021/texmf-dist/tex/generic/etexcmds/etexcmds.sty
Package: etexcmds 2019/12/15 v1.7 Avoid name clashes with e-TeX commands (HO)
)
\Hy@SavedSpaceFactor=\count319
 (/usr/local/texlive/2021/texmf-dist/tex/latex/hyperref/puenc.def
File: puenc.def 2021-02-27 v7.00k Hyperref: PDF Unicode definition (HO)
Now handling font encoding PU ...
... no UTF-8 mapping file for font encoding PU
)
Package hyperref Info: Hyper figures OFF on input line 4192.
Package hyperref Info: Link nesting OFF on input line 4197.
Package hyperref Info: Hyper index ON on input line 4200.
Package hyperref Info: Plain pages OFF on input line 4207.
Package hyperref Info: Backreferencing ON on input line 4210.
Package hyperref Info: Implicit mode ON; LaTeX internals redefined.
Package hyperref Info: Bookmarks ON on input line 4445.
 (/usr/local/texlive/2021/texmf-dist/tex/latex/hyperref/backref.sty
Package: backref 2021/02/04 v1.41 Bibliographical back referencing
 (/usr/local/texlive/2021/texmf-dist/tex/latex/rerunfilecheck/rerunfilecheck.sty
Package: rerunfilecheck 2019/12/05 v1.9 Rerun checks for auxiliary files (HO)
 (/usr/local/texlive/2021/texmf-dist/tex/latex/base/atveryend-ltx.sty
Package: atveryend-ltx 2020/08/19 v1.0a Emulation of the original atvery package
with kernel methods
) (/usr/local/texlive/2021/texmf-dist/tex/generic/uniquecounter/uniquecounter.sty
Package: uniquecounter 2019/12/15 v1.4 Provide unlimited unique counter (HO)
 (/usr/local/texlive/2021/texmf-dist/tex/generic/bigintcalc/bigintcalc.sty
Package: bigintcalc 2019/12/15 v1.5 Expandable calculations on big integers (HO)
))
Package uniquecounter Info: New unique counter `rerunfilecheck' on input line 286.
))
\c@Hy@tempcnt=\count320
 (/usr/local/texlive/2021/texmf-dist/tex/latex/url/url.sty
\Urlmuskip=\muskip16
Package: url 2013/09/16  ver 3.4  Verb mode for urls, etc.
)
LaTeX Info: Redefining \url on input line 4804.
\XeTeXLinkMargin=\dimen258
 (/usr/local/texlive/2021/texmf-dist/tex/generic/bitset/bitset.sty
Package: bitset 2019/12/09 v1.3 Handle bit-vector datatype (HO)
)
\Fld@menulength=\count321
\Field@Width=\dimen259
\Fld@charsize=\dimen260
Package hyperref Info: Hyper figures OFF on input line 6075.
Package hyperref Info: Link nesting OFF on input line 6080.
Package hyperref Info: Hyper index ON on input line 6083.
Package hyperref Info: backreferencing ON on input line 6088.
Package hyperref Info: Link coloring OFF on input line 6095.
Package hyperref Info: Link coloring with OCG OFF on input line 6100.
Package hyperref Info: PDF/A mode OFF on input line 6105.
LaTeX Info: Redefining \ref on input line 6145.
LaTeX Info: Redefining \pageref on input line 6149.
 (/usr/local/texlive/2021/texmf-dist/tex/latex/base/atbegshi-ltx.sty
Package: atbegshi-ltx 2020/08/17 v1.0a Emulation of the original atbegshi package
with kernel methods
)
\Hy@abspage=\count322
\c@Item=\count323
\c@Hfootnote=\count324
)
Package hyperref Info: Driver: hpdftex.
 (/usr/local/texlive/2021/texmf-dist/tex/latex/hyperref/hpdftex.def
File: hpdftex.def 2021-02-27 v7.00k Hyperref driver for pdfTeX
\Fld@listcount=\count325
\c@bookmark@seq@number=\count326
\Hy@SectionHShift=\skip124
)
Package hyperref Info: Option `colorlinks' set `true' on input line 135.
Package hyperref Info: Option `unicode' set `true' on input line 135.
 (/usr/local/texlive/2021/texmf-dist/tex/latex/caption/caption.sty
Package: caption 2020/10/26 v3.5g Customizing captions (AR)
 (/usr/local/texlive/2021/texmf-dist/tex/latex/caption/caption3.sty
Package: caption3 2020/10/21 v2.2e caption3 kernel (AR)
\captionmargin=\dimen261
\captionmargin@=\dimen262
\captionwidth=\dimen263
\caption@tempdima=\dimen264
\caption@indent=\dimen265
\caption@parindent=\dimen266
\caption@hangindent=\dimen267
Package caption Info: Standard document class detected.
)
\c@caption@flags=\count327
\c@continuedfloat=\count328
Package caption Info: float package is loaded.
Package caption Info: hyperref package is loaded.
Package caption Info: longtable package is loaded.
 (/usr/local/texlive/2021/texmf-dist/tex/latex/caption/ltcaption.sty
Package: ltcaption 2020/05/30 v1.4b longtable captions (AR)
)) (/usr/local/texlive/2021/texmf-dist/tex/latex/etoc/etoc.sty
Package: etoc 2020/05/15 v1.09c Completely customisable TOCs (JFB)
\Etoc@toctoks=\toks34
\c@etoc@tocid=\count329
\c@etoc@tocdepth=\count330
\etoc@framed@titlebox=\box115
\etoc@framed@contentsbox=\box116
)
LaTeX Font Info:    Trying to load font information for T1+phv on input line 151.
 (/usr/local/texlive/2021/texmf-dist/tex/latex/psnfss/t1phv.fd
File: t1phv.fd 2020/03/25 scalable font definitions for T1/phv.
)
LaTeX Font Info:    Font shape `T1/phv/m/n' will be
(Font)              scaled to size 8.99994pt on input line 151.
 (/usr/local/texlive/2021/texmf-dist/tex/latex/l3backend/l3backend-pdftex.def
File: l3backend-pdftex.def 2021-03-18 L3 backend support: PDF output (pdfTeX)
\l__color_backend_stack_int=\count331
\l__pdf_internal_box=\box117
) (/Users/dawr/PROgramming/flight_autonomy/docs/latex/refman.aux)
\openout1 = `refman.aux'.

LaTeX Font Info:    Checking defaults for OML/cmm/m/it on input line 151.
LaTeX Font Info:    ... okay on input line 151.
LaTeX Font Info:    Checking defaults for OMS/cmsy/m/n on input line 151.
LaTeX Font Info:    ... okay on input line 151.
LaTeX Font Info:    Checking defaults for OT1/cmr/m/n on input line 151.
LaTeX Font Info:    ... okay on input line 151.
LaTeX Font Info:    Checking defaults for T1/cmr/m/n on input line 151.
LaTeX Font Info:    ... okay on input line 151.
LaTeX Font Info:    Checking defaults for TS1/cmr/m/n on input line 151.
LaTeX Font Info:    ... okay on input line 151.
LaTeX Font Info:    Checking defaults for OMX/cmex/m/n on input line 151.
LaTeX Font Info:    ... okay on input line 151.
LaTeX Font Info:    Checking defaults for U/cmr/m/n on input line 151.
LaTeX Font Info:    ... okay on input line 151.
LaTeX Font Info:    Checking defaults for PD1/pdf/m/n on input line 151.
LaTeX Font Info:    ... okay on input line 151.
LaTeX Font Info:    Checking defaults for PU/pdf/m/n on input line 151.
LaTeX Font Info:    ... okay on input line 151.
 (/usr/local/texlive/2021/texmf-dist/tex/context/base/mkii/supp-pdf.mkii
[Loading MPS to PDF converter (version 2006.09.02).]
\scratchcounter=\count332
\scratchdimen=\dimen268
\scratchbox=\box118
\nofMPsegments=\count333
\nofMParguments=\count334
\everyMPshowfont=\toks35
\MPscratchCnt=\count335
\MPscratchDim=\dimen269
\MPnumerator=\count336
\makeMPintoPDFobject=\count337
\everyMPtoPDFconversion=\toks36
) (/usr/local/texlive/2021/texmf-dist/tex/latex/epstopdf-pkg/epstopdf-base.sty
Package: epstopdf-base 2020-01-24 v2.11 Base part for package epstopdf
Package epstopdf-base Info: Redefining graphics rule for `.eps' on input line 485.
 (/usr/local/texlive/2021/texmf-dist/tex/latex/latexconfig/epstopdf-sys.cfg
File: epstopdf-sys.cfg 2010/07/13 v1.3 Configuration of (r)epstopdf for TeX Live
))
*geometry* driver: auto-detecting
*geometry* detected driver: pdftex
*geometry* verbose mode - [ preamble ] result:
* driver: pdftex
* paper: a4paper
* layout: <same size as paper>
* layoutoffset:(h,v)=(0.0pt,0.0pt)
* modes: twoside 
* h-part:(L,W,R)=(71.13188pt, 455.24411pt, 71.13188pt)
* v-part:(T,H,B)=(71.13188pt, 702.78308pt, 71.13188pt)
* \paperwidth=597.50787pt
* \paperheight=845.04684pt
* \textwidth=455.24411pt
* \textheight=702.78308pt
* \oddsidemargin=-1.1381pt
* \evensidemargin=-1.1381pt
* \topmargin=-38.1381pt
* \headheight=12.0pt
* \headsep=25.0pt
* \topskip=10.0pt
* \footskip=30.0pt
* \marginparwidth=121.0pt
* \marginparsep=11.0pt
* \columnsep=10.0pt
* \skip\footins=9.0pt plus 4.0pt minus 2.0pt
* \hoffset=0.0pt
* \voffset=0.0pt
* \mag=1000
* \@twocolumnfalse
* \@twosidetrue
* \@mparswitchtrue
* \@reversemarginfalse
* (1in=72.27pt=25.4mm, 1cm=28.453pt)

Package hyperref Info: Link coloring ON on input line 151.
(/usr/local/texlive/2021/texmf-dist/tex/latex/hyperref/nameref.sty
Package: nameref 2021-04-02 v2.47 Cross-referencing by name of section
 (/usr/local/texlive/2021/texmf-dist/tex/latex/refcount/refcount.sty
Package: refcount 2019/12/15 v3.6 Data extraction from label references (HO)
) (/usr/local/texlive/2021/texmf-dist/tex/generic/gettitlestring/gettitlestring.sty
Package: gettitlestring 2019/12/15 v1.6 Cleanup title references (HO)
)
\c@section@level=\count338
)
LaTeX Info: Redefining \ref on input line 151.
LaTeX Info: Redefining \pageref on input line 151.
LaTeX Info: Redefining \nameref on input line 151.
 (/Users/dawr/PROgramming/flight_autonomy/docs/latex/refman.out) (/Users/dawr/PROgramming/flight_autonomy/docs/latex/refman.out)
\@outlinefile=\write5
\openout5 = `refman.out'.

Package backref Info: ** backref set up for natbib ** on input line 151.
Package caption Info: Begin \AtBeginDocument code.
Package caption Info: End \AtBeginDocument code.
\Etoc@tf=\read5
Package hyperref Info: Option `pageanchor' set `false' on input line 159.
Package hyperref Info: Option `bookmarksnumbered' set `true' on input line 159.
Package hyperref Info: Option `unicode' set `true' on input line 159.
LaTeX Font Info:    Font shape `T1/phv/m/n' will be
(Font)              scaled to size 12.9599pt on input line 164.
LaTeX Font Info:    Font shape `T1/phv/m/n' will be
(Font)              scaled to size 10.79993pt on input line 166.
 [1

{/usr/local/texlive/2021/texmf-var/fonts/map/pdftex/updmap/pdftex.map}]
\tf@toc=\write6
\openout6 = `refman.toc'.

LaTeX Font Info:    Font shape `T1/phv/b/n' will be
(Font)              scaled to size 8.99994pt on input line 171.
LaTeX Font Info:    Trying to load font information for U+msa on input line 171.
 (/usr/local/texlive/2021/texmf-dist/tex/latex/amsfonts/umsa.fd
File: umsa.fd 2013/01/14 v3.01 AMS symbols A
)
LaTeX Font Info:    Trying to load font information for U+msb on input line 171.
 (/usr/local/texlive/2021/texmf-dist/tex/latex/amsfonts/umsb.fd
File: umsb.fd 2013/01/14 v3.01 AMS symbols B
)
LaTeX Font Info:    Trying to load font information for U+wasy on input line 171.
 (/usr/local/texlive/2021/texmf-dist/tex/latex/wasysym/uwasy.fd
File: uwasy.fd 2020/01/19 v2.4 Wasy-2 symbol font definitions
)
LaTeX Font Info:    Font shape `T1/phv/m/n' will be
(Font)              scaled to size 6.29996pt on input line 171.
LaTeX Font Info:    Font shape `T1/phv/b/n' will be
(Font)              scaled to size 6.29996pt on input line 171.
 [1]
Package hyperref Info: Option `pageanchor' set `true' on input line 173.
LaTeX Font Info:    Font shape `T1/phv/b/n' will be
(Font)              scaled to size 12.9599pt on input line 175.
 (/Users/dawr/PROgramming/flight_autonomy/docs/latex/annotated.tex
LaTeX Font Info:    Font shape `T1/phv/b/n' will be
(Font)              scaled to size 10.79993pt on input line 1.
) (/Users/dawr/PROgramming/flight_autonomy/docs/latex/files.tex [1]) (/Users/dawr/PROgramming/flight_autonomy/docs/latex/classFlightAutonomy.tex
LaTeX Font Info:    Trying to load font information for T1+pcr on input line 10.
 (/usr/local/texlive/2021/texmf-dist/tex/latex/psnfss/t1pcr.fd
File: t1pcr.fd 2001/06/04 font definitions for T1/pcr.
) </Users/dawr/PROgramming/flight_autonomy/docs/latex/classFlightAutonomy__coll__graph.pdf

pdfTeX warning: pdflatex (file /Users/dawr/PROgramming/flight_autonomy/docs/latex/classFlightAutonomy__coll__graph.pdf): PDF inclusion: multiple pdfs with page group included in a single page
>
<classFlightAutonomy__coll__graph.pdf, id=323, 448.67625pt x 890.32625pt>
File: classFlightAutonomy__coll__graph.pdf Graphic file (type pdf)
<use classFlightAutonomy__coll__graph.pdf>
Package pdftex.def Info: classFlightAutonomy__coll__graph.pdf  used on input line 19.
(pdftex.def)             Requested size: 277.17pt x 550.0pt.
 [2]
LaTeX Font Info:    Trying to load font information for TS1+phv on input line 25.
 (/usr/local/texlive/2021/texmf-dist/tex/latex/psnfss/ts1phv.fd
File: ts1phv.fd 2020/03/25 scalable font definitions for TS1/phv.
)
LaTeX Font Info:    Font shape `TS1/phv/m/n' will be
(Font)              scaled to size 8.99994pt on input line 25.
LaTeX Font Info:    Font shape `T1/phv/m/n' will be
(Font)              scaled to size 8.09995pt on input line 26.
LaTeX Font Info:    Font shape `T1/phv/m/it' in size <9> not available
(Font)              Font shape `T1/phv/m/sl' tried instead on input line 26.
LaTeX Font Info:    Font shape `T1/phv/m/sl' will be
(Font)              scaled to size 8.09995pt on input line 26.
LaTeX Font Info:    Font shape `T1/phv/m/it' in size <7> not available
(Font)              Font shape `T1/phv/m/sl' tried instead on input line 26.
LaTeX Font Info:    Font shape `T1/phv/m/sl' will be
(Font)              scaled to size 6.29996pt on input line 26.
 [3] [4]
LaTeX Font Info:    Font shape `T1/phv/m/n' will be
(Font)              scaled to size 7.19995pt on input line 89.
LaTeX Font Info:    Font shape `T1/pcr/m/it' in size <8> not available
(Font)              Font shape `T1/pcr/m/sl' tried instead on input line 112.
LaTeX Font Info:    Font shape `T1/pcr/m/it' in size <7> not available
(Font)              Font shape `T1/pcr/m/sl' tried instead on input line 112.

Underfull \hbox (badness 10000) in paragraph at lines 112--113
 \T1/phv/b/n/10 3.1.3.1 avo-iding-Cal-cVelo()[] \T1/pcr/m/n/8 mavsdk[]::[]Offboard[]::[]Velocity[]Body[]Yawspeed Flight[]Autonomy[]::avoiding[]
 []


Underfull \hbox (badness 10000) detected at line 127
[][][]
 []

[5] [6]
Underfull \hbox (badness 10000) detected at line 145
[][][]
 []


Underfull \hbox (badness 10000) detected at line 170
[][][]
 []


Underfull \hbox (badness 10000) detected at line 185
[][][]
 []


Underfull \hbox (badness 10000) detected at line 198
[][][]
 []


Underfull \hbox (badness 10000) in paragraph at lines 207--208
 \T1/phv/b/n/10 3.1.3.7 lan-ding-Cal-cVelo()[] \T1/pcr/m/n/8 mavsdk[]::[]Offboard[]::[]Velocity[]Body[]Yawspeed Flight[]Autonomy[]::landing[]Calc[]
 []

[7]
Underfull \hbox (badness 10000) detected at line 220
[][][]
 []


Underfull \hbox (badness 10000) detected at line 238
[][][]
 []


Underfull \hbox (badness 10000) detected at line 253
[][][]
 []

[8]
Underfull \hbox (badness 10000) detected at line 273
[][][]
 []


Underfull \hbox (badness 10000) detected at line 303
[][][]
 []


Underfull \hbox (badness 10000) detected at line 328
[][][]
 []

[9]
Underfull \hbox (badness 10000) in paragraph at lines 410--411
 \T1/phv/b/n/10 3.1.4.8 ti-me-out-Co-un-ter[] \T1/pcr/m/n/8 std[]::chrono[]::steady[]_[]clock[]::time[]_[]point Flight[]Autonomy[]::timeout[]Counter
 []

) (/Users/dawr/PROgramming/flight_autonomy/docs/latex/classFlightControl.tex </Users/dawr/PROgramming/flight_autonomy/docs/latex/classFlightControl__coll__graph.pdf

pdfTeX warning: pdflatex (file /Users/dawr/PROgramming/flight_autonomy/docs/latex/classFlightControl__coll__graph.pdf): PDF inclusion: multiple pdfs with page group included in a single page
>
<classFlightControl__coll__graph.pdf, id=491, 195.73125pt x 575.14874pt>
File: classFlightControl__coll__graph.pdf Graphic file (type pdf)
<use classFlightControl__coll__graph.pdf>
Package pdftex.def Info: classFlightControl__coll__graph.pdf  used on input line 19.
(pdftex.def)             Requested size: 187.1771pt x 550.0pt.
 [10] [11] [12]
Underfull \hbox (badness 10000) detected at line 120
[][][]
 []

[13]
Underfull \hbox (badness 10000) detected at line 140
[][][]
 []


Underfull \hbox (badness 10000) detected at line 155
[][][]
 []


Underfull \hbox (badness 10000) detected at line 170
[][][]
 []


Underfull \hbox (badness 10000) detected at line 183
[][][]
 []


Underfull \hbox (badness 10000) detected at line 196
[][][]
 []


Underfull \hbox (badness 10000) detected at line 209
[][][]
 []

[14]
Underfull \hbox (badness 10000) detected at line 222
[][][]
 []


Underfull \hbox (badness 10000) detected at line 237
[][][]
 []

[15]
Underfull \hbox (badness 10000) detected at line 277
[][][]
 []


Underfull \hbox (badness 10000) detected at line 292
[][][]
 []


Underfull \hbox (badness 10000) detected at line 307
[][][]
 []

[16]) (/Users/dawr/PROgramming/flight_autonomy/docs/latex/classImageReceiver.tex </Users/dawr/PROgramming/flight_autonomy/docs/latex/classImageReceiver__coll__graph.pdf

pdfTeX warning: pdflatex (file /Users/dawr/PROgramming/flight_autonomy/docs/latex/classImageReceiver__coll__graph.pdf): PDF inclusion: multiple pdfs with page group included in a single page
>
<classImageReceiver__coll__graph.pdf, id=637, 184.69pt x 237.88875pt>
File: classImageReceiver__coll__graph.pdf Graphic file (type pdf)
<use classImageReceiver__coll__graph.pdf>
Package pdftex.def Info: classImageReceiver__coll__graph.pdf  used on input line 18.
(pdftex.def)             Requested size: 184.0pt x 237.00246pt.
 [17] [18]
LaTeX Font Info:    Font shape `T1/phv/b/n' will be
(Font)              scaled to size 7.19995pt on input line 59.

Underfull \hbox (badness 10000) detected at line 98
[][][]
 []


Underfull \hbox (badness 10000) detected at line 111
[][][]
 []

[19] [20]) (/Users/dawr/PROgramming/flight_autonomy/docs/latex/classObjectDetector.tex </Users/dawr/PROgramming/flight_autonomy/docs/latex/classObjectDetector__coll__graph.pdf

pdfTeX warning: pdflatex (file /Users/dawr/PROgramming/flight_autonomy/docs/latex/classObjectDetector__coll__graph.pdf): PDF inclusion: multiple pdfs with page group included in a single page
>
<classObjectDetector__coll__graph.pdf, id=723, 191.71625pt x 248.93pt>
File: classObjectDetector__coll__graph.pdf Graphic file (type pdf)
<use classObjectDetector__coll__graph.pdf>
Package pdftex.def Info: classObjectDetector__coll__graph.pdf  used on input line 18.
(pdftex.def)             Requested size: 191.0pt x 248.01398pt.
 [21] [22] [23]
Underfull \hbox (badness 10000) detected at line 115
[][][]
 []


Underfull \hbox (badness 10000) detected at line 135
[][][]
 []


Underfull \hbox (badness 10000) in paragraph at lines 142--143
 \T1/phv/b/n/10 3.4.3.3 de-tec-tA-ru-co-Gate()[] \T1/pcr/m/n/8 std[]::tuple$\OML/cmm/m/it/8 <$ \T1/pcr/m/n/8 cv[]::[]Point2f, float, float $\OML/cmm/m/it/8 >$ \T1/pcr/m/n/8 Object[]Detector[]::detect[]
 []


Underfull \hbox (badness 10000) detected at line 155
[][][]
 []

[24]
Underfull \hbox (badness 10000) detected at line 175
[][][]
 []

) (/Users/dawr/PROgramming/flight_autonomy/docs/latex/structTelemetryData.tex </Users/dawr/PROgramming/flight_autonomy/docs/latex/structTelemetryData__coll__graph.pdf

pdfTeX warning: pdflatex (file /Users/dawr/PROgramming/flight_autonomy/docs/latex/structTelemetryData__coll__graph.pdf): PDF inclusion: multiple pdfs with page group included in a single page
>
<structTelemetryData__coll__graph.pdf, id=808, 169.63374pt x 226.8475pt>
File: structTelemetryData__coll__graph.pdf Graphic file (type pdf)
<use structTelemetryData__coll__graph.pdf>
Package pdftex.def Info: structTelemetryData__coll__graph.pdf  used on input line 18.
(pdftex.def)             Requested size: 169.0pt x 226.00928pt.
 [25] [26]) (/Users/dawr/PROgramming/flight_autonomy/docs/latex/algorithms_8h.tex </Users/dawr/PROgramming/flight_autonomy/docs/latex/algorithms_8h__dep__incl.pdf>
<algorithms_8h__dep__incl.pdf, id=869, 291.0875pt x 234.8775pt>
File: algorithms_8h__dep__incl.pdf Graphic file (type pdf)
<use algorithms_8h__dep__incl.pdf>
Package pdftex.def Info: algorithms_8h__dep__incl.pdf  used on input line 7.
(pdftex.def)             Requested size: 290.0pt x 234.01677pt.
 [27] [28]) (/Users/dawr/PROgramming/flight_autonomy/docs/latex/algorithms_8h_source.tex) (/Users/dawr/PROgramming/flight_autonomy/docs/latex/defines_8h.tex </Users/dawr/PROgramming/flight_autonomy/docs/latex/defines_8h__dep__incl.pdf>
<defines_8h__dep__incl.pdf, id=915, 460.72125pt x 302.12875pt>
File: defines_8h__dep__incl.pdf Graphic file (type pdf)
<use defines_8h__dep__incl.pdf>
Package pdftex.def Info: defines_8h__dep__incl.pdf  used on input line 7.
(pdftex.def)             Requested size: 350.0pt x 229.5188pt.
 [29] [30]) (/Users/dawr/PROgramming/flight_autonomy/docs/latex/defines_8h_source.tex [31]) (/Users/dawr/PROgramming/flight_autonomy/docs/latex/FlightAutonomy_8h.tex </Users/dawr/PROgramming/flight_autonomy/docs/latex/FlightAutonomy_8h__incl.pdf

pdfTeX warning: pdflatex (file /Users/dawr/PROgramming/flight_autonomy/docs/latex/FlightAutonomy_8h__incl.pdf): PDF inclusion: multiple pdfs with page group included in a single page
>
<FlightAutonomy_8h__incl.pdf, id=999, 1830.84pt x 302.12875pt>
File: FlightAutonomy_8h__incl.pdf Graphic file (type pdf)
<use FlightAutonomy_8h__incl.pdf>
Package pdftex.def Info: FlightAutonomy_8h__incl.pdf  used on input line 14.
(pdftex.def)             Requested size: 350.0pt x 57.75542pt.
 </Users/dawr/PROgramming/flight_autonomy/docs/latex/FlightAutonomy_8h__dep__incl.pdf

pdfTeX warning: pdflatex (file /Users/dawr/PROgramming/flight_autonomy/docs/latex/FlightAutonomy_8h__dep__incl.pdf): PDF inclusion: multiple pdfs with page group included in a single page
>
<FlightAutonomy_8h__dep__incl.pdf, id=1015, 291.0875pt x 167.62625pt>
File: FlightAutonomy_8h__dep__incl.pdf Graphic file (type pdf)
<use FlightAutonomy_8h__dep__incl.pdf>
Package pdftex.def Info: FlightAutonomy_8h__dep__incl.pdf  used on input line 21.
(pdftex.def)             Requested size: 290.0pt x 167.01195pt.
 [32]) (/Users/dawr/PROgramming/flight_autonomy/docs/latex/FlightAutonomy_8h_source.tex [33]) (/Users/dawr/PROgramming/flight_autonomy/docs/latex/FlightControl_8h.tex </Users/dawr/PROgramming/flight_autonomy/docs/latex/FlightControl_8h__incl.pdf>
<FlightControl_8h__incl.pdf, id=1076, 1054.94125pt x 245.91875pt>
File: FlightControl_8h__incl.pdf Graphic file (type pdf)
<use FlightControl_8h__incl.pdf>
Package pdftex.def Info: FlightControl_8h__incl.pdf  used on input line 18.
(pdftex.def)             Requested size: 350.0pt x 81.58871pt.
 </Users/dawr/PROgramming/flight_autonomy/docs/latex/FlightControl_8h__dep__incl.pdf

pdfTeX warning: pdflatex (file /Users/dawr/PROgramming/flight_autonomy/docs/latex/FlightControl_8h__dep__incl.pdf): PDF inclusion: multiple pdfs with page group included in a single page
>
<FlightControl_8h__dep__incl.pdf, id=1091, 382.42876pt x 234.8775pt>
File: FlightControl_8h__dep__incl.pdf Graphic file (type pdf)
<use FlightControl_8h__dep__incl.pdf>
Package pdftex.def Info: FlightControl_8h__dep__incl.pdf  used on input line 25.
(pdftex.def)             Requested size: 350.0pt x 214.97173pt.
 [34]) (/Users/dawr/PROgramming/flight_autonomy/docs/latex/FlightControl_8h_source.tex [35]) (/Users/dawr/PROgramming/flight_autonomy/docs/latex/ImageReceiver_8h.tex </Users/dawr/PROgramming/flight_autonomy/docs/latex/ImageReceiver_8h__incl.pdf>
<ImageReceiver_8h__incl.pdf, id=1146, 353.32pt x 167.62625pt>
File: ImageReceiver_8h__incl.pdf Graphic file (type pdf)
<use ImageReceiver_8h__incl.pdf>
Package pdftex.def Info: ImageReceiver_8h__incl.pdf  used on input line 9.
(pdftex.def)             Requested size: 350.0pt x 166.0528pt.
 </Users/dawr/PROgramming/flight_autonomy/docs/latex/ImageReceiver_8h__dep__incl.pdf

pdfTeX warning: pdflatex (file /Users/dawr/PROgramming/flight_autonomy/docs/latex/ImageReceiver_8h__dep__incl.pdf): PDF inclusion: multiple pdfs with page group included in a single page
>
<ImageReceiver_8h__dep__incl.pdf, id=1154, 392.46625pt x 234.8775pt>
File: ImageReceiver_8h__dep__incl.pdf Graphic file (type pdf)
<use ImageReceiver_8h__dep__incl.pdf>
Package pdftex.def Info: ImageReceiver_8h__dep__incl.pdf  used on input line 16.
(pdftex.def)             Requested size: 350.0pt x 209.47755pt.
 [36]) (/Users/dawr/PROgramming/flight_autonomy/docs/latex/ImageReceiver_8h_source.tex) (/Users/dawr/PROgramming/flight_autonomy/docs/latex/ObjectDetector_8h.tex </Users/dawr/PROgramming/flight_autonomy/docs/latex/ObjectDetector_8h__incl.pdf>
<ObjectDetector_8h__incl.pdf, id=1184, 644.4075pt x 167.62625pt>
File: ObjectDetector_8h__incl.pdf Graphic file (type pdf)
<use ObjectDetector_8h__incl.pdf>
Package pdftex.def Info: ObjectDetector_8h__incl.pdf  used on input line 12.
(pdftex.def)             Requested size: 350.0pt x 91.04626pt.
 [37] </Users/dawr/PROgramming/flight_autonomy/docs/latex/ObjectDetector_8h__dep__incl.pdf>
<ObjectDetector_8h__dep__incl.pdf, id=1207, 392.46625pt x 234.8775pt>
File: ObjectDetector_8h__dep__incl.pdf Graphic file (type pdf)
<use ObjectDetector_8h__dep__incl.pdf>
Package pdftex.def Info: ObjectDetector_8h__dep__incl.pdf  used on input line 19.
(pdftex.def)             Requested size: 350.0pt x 209.47755pt.
) (/Users/dawr/PROgramming/flight_autonomy/docs/latex/ObjectDetector_8h_source.tex [38]) (/Users/dawr/PROgramming/flight_autonomy/docs/latex/TelemetryData_8h.tex </Users/dawr/PROgramming/flight_autonomy/docs/latex/TelemetryData_8h__incl.pdf>
<TelemetryData_8h__incl.pdf, id=1241, 208.78pt x 178.6675pt>
File: TelemetryData_8h__incl.pdf Graphic file (type pdf)
<use TelemetryData_8h__incl.pdf>
Package pdftex.def Info: TelemetryData_8h__incl.pdf  used on input line 8.
(pdftex.def)             Requested size: 208.0pt x 178.01003pt.
 </Users/dawr/PROgramming/flight_autonomy/docs/latex/TelemetryData_8h__dep__incl.pdf

pdfTeX warning: pdflatex (file /Users/dawr/PROgramming/flight_autonomy/docs/latex/TelemetryData_8h__dep__incl.pdf): PDF inclusion: multiple pdfs with page group included in a single page
>
<TelemetryData_8h__dep__incl.pdf, id=1249, 382.42876pt x 302.12875pt>
File: TelemetryData_8h__dep__incl.pdf Graphic file (type pdf)
<use TelemetryData_8h__dep__incl.pdf>
Package pdftex.def Info: TelemetryData_8h__dep__incl.pdf  used on input line 15.
(pdftex.def)             Requested size: 350.0pt x 276.52347pt.
 [39]) (/Users/dawr/PROgramming/flight_autonomy/docs/latex/TelemetryData_8h_source.tex) (/Users/dawr/PROgramming/flight_autonomy/docs/latex/FlightAutonomy_8cpp.tex </Users/dawr/PROgramming/flight_autonomy/docs/latex/FlightAutonomy_8cpp__incl.pdf>
<FlightAutonomy_8cpp__incl.pdf, id=1275, 1830.84pt x 347.2975pt>
File: FlightAutonomy_8cpp__incl.pdf Graphic file (type pdf)
<use FlightAutonomy_8cpp__incl.pdf>
Package pdftex.def Info: FlightAutonomy_8cpp__incl.pdf  used on input line 8.
(pdftex.def)             Requested size: 350.0pt x 66.38995pt.
) (/Users/dawr/PROgramming/flight_autonomy/docs/latex/FlightControl_8cpp.tex [40] </Users/dawr/PROgramming/flight_autonomy/docs/latex/FlightControl_8cpp__incl.pdf>
<FlightControl_8cpp__incl.pdf, id=1298, 1054.94125pt x 291.0875pt>
File: FlightControl_8cpp__incl.pdf Graphic file (type pdf)
<use FlightControl_8cpp__incl.pdf>
Package pdftex.def Info: FlightControl_8cpp__incl.pdf  used on input line 8.
(pdftex.def)             Requested size: 350.0pt x 96.57439pt.
) (/Users/dawr/PROgramming/flight_autonomy/docs/latex/ImageReceiver_8cpp.tex </Users/dawr/PROgramming/flight_autonomy/docs/latex/ImageReceiver_8cpp__incl.pdf

pdfTeX warning: pdflatex (file /Users/dawr/PROgramming/flight_autonomy/docs/latex/ImageReceiver_8cpp__incl.pdf): PDF inclusion: multiple pdfs with page group included in a single page
>
<ImageReceiver_8cpp__incl.pdf, id=1313, 353.32pt x 212.795pt>
File: ImageReceiver_8cpp__incl.pdf Graphic file (type pdf)
<use ImageReceiver_8cpp__incl.pdf>
Package pdftex.def Info: ImageReceiver_8cpp__incl.pdf  used on input line 8.
(pdftex.def)             Requested size: 350.0pt x 210.79756pt.
) (/Users/dawr/PROgramming/flight_autonomy/docs/latex/main_8cpp.tex </Users/dawr/PROgramming/flight_autonomy/docs/latex/main_8cpp__incl.pdf

pdfTeX warning: pdflatex (file /Users/dawr/PROgramming/flight_autonomy/docs/latex/main_8cpp__incl.pdf): PDF inclusion: multiple pdfs with page group included in a single page
>
<main_8cpp__incl.pdf, id=1321, 1830.84pt x 347.2975pt>
File: main_8cpp__incl.pdf Graphic file (type pdf)
<use main_8cpp__incl.pdf>
Package pdftex.def Info: main_8cpp__incl.pdf  used on input line 8.
(pdftex.def)             Requested size: 350.0pt x 66.38995pt.
 [41]) (/Users/dawr/PROgramming/flight_autonomy/docs/latex/ObjectDetector_8cpp.tex </Users/dawr/PROgramming/flight_autonomy/docs/latex/ObjectDetector_8cpp__incl.pdf>
<ObjectDetector_8cpp__incl.pdf, id=1348, 644.4075pt x 212.795pt>
File: ObjectDetector_8cpp__incl.pdf Graphic file (type pdf)
<use ObjectDetector_8cpp__incl.pdf>
Package pdftex.def Info: ObjectDetector_8cpp__incl.pdf  used on input line 8.
(pdftex.def)             Requested size: 350.0pt x 115.5797pt.
) [42] (/Users/dawr/PROgramming/flight_autonomy/docs/latex/refman.ind
LaTeX Font Info:    Font shape `T1/phv/bc/n' will be
(Font)              scaled to size 12.9599pt on input line 1.
 [43


] [44] [45]) (/Users/dawr/PROgramming/flight_autonomy/docs/latex/refman.aux)
Package rerunfilecheck Info: File `refman.out' has not changed.
(rerunfilecheck)             Checksum: 78B11731AA2168CCB024D6BDC55DEF06;12764.
 ) 
Here is how much of TeX's memory you used:
 18248 strings out of 478994
 286721 string characters out of 5858185
 654230 words of memory out of 5000000
 34949 multiletter control sequences out of 15000+600000
 453827 words of font info for 93 fonts, out of 8000000 for 9000
 1141 hyphenation exceptions out of 8191
 112i,16n,117p,781b,660s stack positions out of 5000i,500n,10000p,200000b,80000s
{/usr/local/texlive/2021/texmf-dist/fonts/enc/dvips/base/8r.enc}</usr/local/texlive/2021/texmf-dist/fonts/type1/public/amsfonts/cm/cmmi10.pfb></usr/local/texlive/2021/texmf-dist/fonts/type1/public/amsfonts/cm/cmmi7.pfb></usr/local/texlive/2021/texmf-dist/fonts/type1/public/amsfonts/cm/cmmi8.pfb></usr/local/texlive/2021/texmf-dist/fonts/type1/public/amsfonts/cm/cmsy10.pfb></usr/local/texlive/2021/texmf-dist/fonts/type1/public/amsfonts/cm/cmsy7.pfb></usr/local/texlive/2021/texmf-dist/fonts/type1/public/amsfonts/cm/cmsy8.pfb></usr/local/texlive/2021/texmf-dist/fonts/type1/urw/courier/ucrb8a.pfb></usr/local/texlive/2021/texmf-dist/fonts/type1/urw/courier/ucrr8a.pfb></usr/local/texlive/2021/texmf-dist/fonts/type1/urw/courier/ucrro8a.pfb></usr/local/texlive/2021/texmf-dist/fonts/type1/urw/helvetic/uhvb8a.pfb></usr/local/texlive/2021/texmf-dist/fonts/type1/urw/helvetic/uhvb8ac.pfb></usr/local/texlive/2021/texmf-dist/fonts/type1/urw/helvetic/uhvr8a.pfb></usr/local/texlive/2021/texmf-dist/fonts/type1/urw/helvetic/uhvro8a.pfb>
Output written on /Users/dawr/PROgramming/flight_autonomy/docs/latex/refman.pdf (47 pages, 481472 bytes).
PDF statistics:
 1735 PDF objects out of 2073 (max. 8388607)
 1546 compressed objects within 16 object streams
 381 named destinations out of 1000 (max. 500000)
 535 words of extra memory for PDF output out of 10000 (max. 10000000)

